
-----------------------------------------------------------------
  pg_upgrade run on Thu Dec 14 13:58:17 2017
-----------------------------------------------------------------


-----------------------------------------------------------------
  pg_upgrade run on Thu Dec 14 13:58:30 2017
-----------------------------------------------------------------


-----------------------------------------------------------------
  pg_upgrade run on Thu Dec 14 13:58:54 2017
-----------------------------------------------------------------


-----------------------------------------------------------------
  pg_upgrade run on Thu Dec 14 13:59:49 2017
-----------------------------------------------------------------


-----------------------------------------------------------------
  pg_upgrade run on Thu Dec 14 14:04:54 2017
-----------------------------------------------------------------


-----------------------------------------------------------------
  pg_upgrade run on Thu Dec 14 14:05:11 2017
-----------------------------------------------------------------


-----------------------------------------------------------------
  pg_upgrade run on Thu Dec 14 14:05:50 2017
-----------------------------------------------------------------


-----------------------------------------------------------------
  pg_upgrade run on Thu Dec 14 14:06:14 2017
-----------------------------------------------------------------


-----------------------------------------------------------------
  pg_upgrade run on Thu Dec 14 14:06:24 2017
-----------------------------------------------------------------

command: "/usr/local/Cellar/postgresql/10.1/bin/pg_ctl" -w -l "pg_upgrade_server.log" -D "/usr/local/var/postgres" -o "-p 50432 -c autovacuum=off -c autovacuum_freeze_max_age=2000000000 -c synchronous_commit=off -c fsync=off -c full_page_writes=off  -c listen_addresses='' -c unix_socket_permissions=0700" start >> "pg_upgrade_server.log" 2>&1
pg_ctl: another server might be running; trying to start server anyway
waiting for server to start....2017-12-14 14:06:24.307 EST [53542] FATAL:  lock file "postmaster.pid" already exists
2017-12-14 14:06:24.307 EST [53542] HINT:  Is another postmaster (PID 51843) running in data directory "/usr/local/var/postgres"?
 stopped waiting
pg_ctl: could not start server
Examine the log output.



-----------------------------------------------------------------
  pg_upgrade run on Thu Dec 14 14:06:53 2017
-----------------------------------------------------------------

command: "/usr/local/Cellar/postgresql@9.6/9.6.6/bin/pg_ctl" -w -l "pg_upgrade_server.log" -D "/usr/local/var/postgres96" -o "-p 50432 -b  -c listen_addresses='' -c unix_socket_permissions=0700 -c unix_socket_directories='/Users/akira/Projects/rails/sitegenerator'" start >> "pg_upgrade_server.log" 2>&1
waiting for server to start....LOG:  database system was shut down at 2017-09-14 08:41:54 EDT
LOG:  MultiXact member wraparound protections are now enabled
LOG:  database system is ready to accept connections
 done
server started


command: "/usr/local/Cellar/postgresql@9.6/9.6.6/bin/pg_ctl" -w -D "/usr/local/var/postgres96" -o "" -m smart stop >> "pg_upgrade_server.log" 2>&1
waiting for server to shut down...LOG:  received smart shutdown request
.LOG:  shutting down
LOG:  database system is shut down
 done
server stopped


command: "/usr/local/Cellar/postgresql/10.1/bin/pg_ctl" -w -l "pg_upgrade_server.log" -D "/usr/local/var/postgres" -o "-p 50432 -b -c synchronous_commit=off -c fsync=off -c full_page_writes=off  -c listen_addresses='' -c unix_socket_permissions=0700 -c unix_socket_directories='/Users/akira/Projects/rails/sitegenerator'" start >> "pg_upgrade_server.log" 2>&1
waiting for server to start....2017-12-14 14:06:56.201 EST [53779] LOG:  listening on Unix socket "/Users/akira/Projects/rails/sitegenerator/.s.PGSQL.50432"
2017-12-14 14:06:56.215 EST [53780] LOG:  database system was shut down at 2017-12-14 14:06:45 EST
2017-12-14 14:06:56.217 EST [53779] LOG:  database system is ready to accept connections
 done
server started


command: "/usr/local/Cellar/postgresql/10.1/bin/pg_ctl" -w -D "/usr/local/var/postgres" -o "" -m fast stop >> "pg_upgrade_server.log" 2>&1
waiting for server to shut down....2017-12-14 14:06:56.333 EST [53779] LOG:  received fast shutdown request
2017-12-14 14:06:56.334 EST [53779] LOG:  aborting any active transactions
2017-12-14 14:06:56.334 EST [53779] LOG:  worker process: logical replication launcher (PID 53785) exited with exit code 1
2017-12-14 14:06:56.334 EST [53781] LOG:  shutting down
2017-12-14 14:06:56.340 EST [53779] LOG:  database system is shut down
 done
server stopped


